1721497323197	geckodriver	INFO	Listening on 127.0.0.1:58539
1721497323202	mozrunner::runner	INFO	Running command: MOZ_CRASHREPORTER="1" MOZ_CRASHREPORTER_NO_REPORT="1" MOZ_CRASHREPORTER_SHUTDOWN="1" MOZ_NO_REMOTE="1" "/usr ... te" "--remote-debugging-port" "43485" "--remote-allow-hosts" "localhost" "-no-remote" "-profile" "/tmp/rust_mozprofileWSiFSP"
console.warn: services.settings: Ignoring preference override of remote settings server
console.warn: services.settings: Allow by setting MOZ_REMOTE_SETTINGS_DEVTOOLS=1 in the environment
1721497324060	Marionette	INFO	Marionette enabled
ATTENTION: default value of option mesa_glthread overridden by environment.
1721497324245	Marionette	INFO	Listening on port 41809
Read port: 41809
WebDriver BiDi listening on ws://127.0.0.1:43485
1721497324686	RemoteAgent	WARN	TLS certificate errors will be ignored for this session
console.error: ({})
DevTools listening on ws://127.0.0.1:43485/devtools/browser/cc0d6144-5664-4294-9ed0-bc972f7bfe21
[Parent 8096, IPC I/O Parent] WARNING: process 8236 is a zombie: file /builds/worker/checkouts/gecko/ipc/chromium/src/base/process_util_posix.cc:245
1721497354207	addons.xpi	ERROR	System addon update list error SyntaxError: XMLHttpRequest.open: 'http://%(server)s/dummy-system-addons.xml' is not a valid URL.
JavaScript warning: https://www.chess.com/bundles/app/js/sentry.client.648e8f0e.js, line 14: Script terminated by timeout at:
sentryWrapped@https://www.chess.com/bundles/app/js/sentry.client.648e8f0e.js:14:69710

1721497487521	Marionette	INFO	Stopped listening on port 41809
[Parent 8096, IPC I/O Parent] WARNING: process 8303 is a zombie: file /builds/worker/checkouts/gecko/ipc/chromium/src/base/process_util_posix.cc:245
[Parent 8096, IPC I/O Parent] WARNING: process 8207 is a zombie: file /builds/worker/checkouts/gecko/ipc/chromium/src/base/process_util_posix.cc:245
[Parent 8096, IPC I/O Parent] WARNING: process 8337 is a zombie: file /builds/worker/checkouts/gecko/ipc/chromium/src/base/process_util_posix.cc:245
[Parent 8096, IPC I/O Parent] WARNING: process 8307 is a zombie: file /builds/worker/checkouts/gecko/ipc/chromium/src/base/process_util_posix.cc:245
[Parent 8096, IPC I/O Parent] WARNING: process 8375 is a zombie: file /builds/worker/checkouts/gecko/ipc/chromium/src/base/process_util_posix.cc:245
1721497545872	geckodriver	INFO	Listening on 127.0.0.1:42451
1721497546382	mozrunner::runner	INFO	Running command: MOZ_CRASHREPORTER="1" MOZ_CRASHREPORTER_NO_REPORT="1" MOZ_CRASHREPORTER_SHUTDOWN="1" MOZ_NO_REMOTE="1" "/usr ... te" "--remote-debugging-port" "33445" "--remote-allow-hosts" "localhost" "-no-remote" "-profile" "/tmp/rust_mozprofileBJfZ0f"
console.warn: services.settings: Ignoring preference override of remote settings server
console.warn: services.settings: Allow by setting MOZ_REMOTE_SETTINGS_DEVTOOLS=1 in the environment
1721497547205	Marionette	INFO	Marionette enabled
ATTENTION: default value of option mesa_glthread overridden by environment.
1721497547394	Marionette	INFO	Listening on port 42083
Read port: 42083
WebDriver BiDi listening on ws://127.0.0.1:33445
1721497547827	RemoteAgent	WARN	TLS certificate errors will be ignored for this session
console.error: ({})
DevTools listening on ws://127.0.0.1:33445/devtools/browser/36658d33-0c93-4cec-8e7b-9f5376f7d399
JavaScript error: https://media.ethicalads.io/media/client/v1.4.0/ethicalads.min.js, line 1: Error: No ad placements found.
JavaScript error: resource:///actors/FormValidationChild.sys.mjs, line 182: TypeError: this._element is null
[Parent 8592, IPC I/O Parent] WARNING: process 8730 is a zombie: file /builds/worker/checkouts/gecko/ipc/chromium/src/base/process_util_posix.cc:245
JavaScript error: https://media.ethicalads.io/media/client/v1.4.0/ethicalads.min.js, line 1: Error: No ad placements found.
1721497577224	addons.xpi	ERROR	System addon update list error SyntaxError: XMLHttpRequest.open: 'http://%(server)s/dummy-system-addons.xml' is not a valid URL.
JavaScript warning: https://www.googletagmanager.com/gtag/js?id=G-RW7D75DF8V, line 184: Script terminated by timeout at:
G@https://www.googletagmanager.com/gtag/js?id=G-RW7D75DF8V:184:158
Jz@https://www.googletagmanager.com/gtag/js?id=G-RW7D75DF8V:554:134
Kz/<@https://www.googletagmanager.com/gtag/js?id=G-RW7D75DF8V:554:111

JavaScript error: resource:///actors/FormValidationChild.sys.mjs, line 182: TypeError: this._element is null
[Parent 8592, IPC I/O Parent] WARNING: process 8803 is a zombie: file /builds/worker/checkouts/gecko/ipc/chromium/src/base/process_util_posix.cc:245
1721497619945	geckodriver	INFO	Listening on 127.0.0.1:51573
1721497619950	mozrunner::runner	INFO	Running command: MOZ_CRASHREPORTER="1" MOZ_CRASHREPORTER_NO_REPORT="1" MOZ_CRASHREPORTER_SHUTDOWN="1" MOZ_NO_REMOTE="1" "/usr ... te" "--remote-debugging-port" "35949" "--remote-allow-hosts" "localhost" "-no-remote" "-profile" "/tmp/rust_mozprofileORr2KF"
console.warn: services.settings: Ignoring preference override of remote settings server
console.warn: services.settings: Allow by setting MOZ_REMOTE_SETTINGS_DEVTOOLS=1 in the environment
ATTENTION: default value of option mesa_glthread overridden by environment.
1721497620832	Marionette	INFO	Marionette enabled
1721497621010	Marionette	INFO	Listening on port 35463
Read port: 35463
WebDriver BiDi listening on ws://127.0.0.1:35949
1721497621452	RemoteAgent	WARN	TLS certificate errors will be ignored for this session
console.error: ({})
console.error: CustomizableUI: 
  TypeError: aNode is null -- resource:///modules/CustomizableUI.sys.mjs:1715
console.error: CustomizableUI: 
  TypeError: aNode is null -- resource:///modules/CustomizableUI.sys.mjs:1715
console.error: CustomizableUI: 
  TypeError: aNode is null -- resource:///modules/CustomizableUI.sys.mjs:1715
DevTools listening on ws://127.0.0.1:35949/devtools/browser/caa01b79-00b6-47bd-a0c4-0903a3e5487d
JavaScript warning: https://www.googletagmanager.com/gtag/js?id=G-TF35YF9CVH, line 191: Script terminated by timeout at:
G@https://www.googletagmanager.com/gtag/js?id=G-TF35YF9CVH:191:158
Jz@https://www.googletagmanager.com/gtag/js?id=G-TF35YF9CVH:561:134
Kz/<@https://www.googletagmanager.com/gtag/js?id=G-TF35YF9CVH:561:111

1721497624974	Marionette	INFO	Stopped listening on port 42083
[Parent 8592, IPC I/O Parent] WARNING: process 8796 is a zombie: file /builds/worker/checkouts/gecko/ipc/chromium/src/base/process_util_posix.cc:245
[Parent 8592, IPC I/O Parent] WARNING: process 8699 is a zombie: file /builds/worker/checkouts/gecko/ipc/chromium/src/base/process_util_posix.cc:245
console.error: services.settings: 
  Message: NetworkError: Network error: TypeError: NetworkError: Network request failed
  Stack:
    APIError@resource://services-settings/RemoteSettingsClient.sys.mjs:107:1
NetworkError@resource://services-settings/RemoteSettingsClient.sys.mjs:111:5
_adjustedError@resource://services-settings/RemoteSettingsClient.sys.mjs:911:14
maybeSync@resource://services-settings/RemoteSettingsClient.sys.mjs:816:38

console.warn: services.settings: main/url-classifier-skip-urls sync interrupted by shutdown
console.warn: services.settings: main/devtools-compatibility-browsers sync interrupted by shutdown
console.warn: services.settings: main/translations-models sync interrupted by shutdown
console.error: (new AbortError("IndexedDB: main/bounce-tracking-protection-exceptions getLastModified() IndexedDB:  execute() A request was aborted, for example through a call to IDBTransaction.abort.", "resource://services-settings/IDBHelpers.sys.mjs", 16))
[Parent 8592, IPC I/O Parent] WARNING: process 8876 is a zombie: file /builds/worker/checkouts/gecko/ipc/chromium/src/base/process_util_posix.cc:245
[Parent 8592, IPC I/O Parent] WARNING: process 8939 is a zombie: file /builds/worker/checkouts/gecko/ipc/chromium/src/base/process_util_posix.cc:245
console.error: CustomizableUI: 
  TypeError: aNode is null -- resource:///modules/CustomizableUI.sys.mjs:1715
console.error: CustomizableUI: 
  TypeError: aNode is null -- resource:///modules/CustomizableUI.sys.mjs:1715
console.error: CustomizableUI: 
  TypeError: aNode is null -- resource:///modules/CustomizableUI.sys.mjs:1715
1721497651911	addons.xpi	ERROR	System addon update list error SyntaxError: XMLHttpRequest.open: 'http://%(server)s/dummy-system-addons.xml' is not a valid URL.
[Parent 9005, IPC I/O Parent] WARNING: process 9141 is a zombie: file /builds/worker/checkouts/gecko/ipc/chromium/src/base/process_util_posix.cc:245
1721497733085	Marionette	WARN	Ignoring event 'DOMContentLoaded' because document has an invalid readyState of 'complete'.
JavaScript error: https://media.ethicalads.io/media/client/v1.4.0/ethicalads.min.js, line 1: Error: No ad placements found.
JavaScript error: https://media.ethicalads.io/media/client/v1.4.0/ethicalads.min.js, line 1: Error: No ad placements found.
JavaScript error: resource:///actors/FormValidationChild.sys.mjs, line 182: TypeError: this._element is null
1721498009958	geckodriver	INFO	Listening on 127.0.0.1:54131
1721498009963	mozrunner::runner	INFO	Running command: MOZ_CRASHREPORTER="1" MOZ_CRASHREPORTER_NO_REPORT="1" MOZ_CRASHREPORTER_SHUTDOWN="1" MOZ_NO_REMOTE="1" "/usr ... te" "--remote-debugging-port" "59347" "--remote-allow-hosts" "localhost" "-no-remote" "-profile" "/tmp/rust_mozprofileJUCrw6"
console.warn: services.settings: Ignoring preference override of remote settings server
console.warn: services.settings: Allow by setting MOZ_REMOTE_SETTINGS_DEVTOOLS=1 in the environment
1721498010788	Marionette	INFO	Marionette enabled
ATTENTION: default value of option mesa_glthread overridden by environment.
1721498010945	Marionette	INFO	Listening on port 41981
Read port: 41981
WebDriver BiDi listening on ws://127.0.0.1:59347
1721498011383	RemoteAgent	WARN	TLS certificate errors will be ignored for this session
console.error: ({})
DevTools listening on ws://127.0.0.1:59347/devtools/browser/cbacb45d-02f7-4ac7-823c-4fb574a7dd1b
JavaScript warning: https://www.googletagmanager.com/gtag/js?id=G-TF35YF9CVH, line 191: Script terminated by timeout at:
G@https://www.googletagmanager.com/gtag/js?id=G-TF35YF9CVH:191:158
Jz@https://www.googletagmanager.com/gtag/js?id=G-TF35YF9CVH:561:134
Kz/<@https://www.googletagmanager.com/gtag/js?id=G-TF35YF9CVH:561:111

JavaScript error: resource://gre/modules/AsyncShutdown.sys.mjs, line 569: NotFoundError: No such JSProcessActor 'DevToolsProcess'
JavaScript error: resource://gre/modules/AsyncShutdown.sys.mjs, line 569: NotFoundError: No such JSProcessActor 'DevToolsProcess'
JavaScript error: resource://gre/modules/AsyncShutdown.sys.mjs, line 569: NotFoundError: No such JSProcessActor 'DevToolsProcess'
1721498016701	Marionette	INFO	Stopped listening on port 35463
[Parent 9005, IPC I/O Parent] WARNING: process 9208 is a zombie: file /builds/worker/checkouts/gecko/ipc/chromium/src/base/process_util_posix.cc:245
[Parent 9005, IPC I/O Parent] WARNING: process 9113 is a zombie: file /builds/worker/checkouts/gecko/ipc/chromium/src/base/process_util_posix.cc:245
[Parent 9005, IPC I/O Parent] WARNING: process 9219 is a zombie: file /builds/worker/checkouts/gecko/ipc/chromium/src/base/process_util_posix.cc:245
[Parent 9005, IPC I/O Parent] WARNING: process 9211 is a zombie: file /builds/worker/checkouts/gecko/ipc/chromium/src/base/process_util_posix.cc:245
[Parent 9005, IPC I/O Parent] WARNING: process 9308 is a zombie: file /builds/worker/checkouts/gecko/ipc/chromium/src/base/process_util_posix.cc:245
[Parent 11485, IPC I/O Parent] WARNING: process 11622 is a zombie: file /builds/worker/checkouts/gecko/ipc/chromium/src/base/process_util_posix.cc:245
JavaScript error: https://media.ethicalads.io/media/client/v1.4.0/ethicalads.min.js, line 1: Error: No ad placements found.
1721498041081	addons.xpi	ERROR	System addon update list error SyntaxError: XMLHttpRequest.open: 'http://%(server)s/dummy-system-addons.xml' is not a valid URL.
JavaScript error: resource:///actors/FormValidationChild.sys.mjs, line 182: TypeError: this._element is null
1721498183713	geckodriver	INFO	Listening on 127.0.0.1:50759
1721498184222	mozrunner::runner	INFO	Running command: MOZ_CRASHREPORTER="1" MOZ_CRASHREPORTER_NO_REPORT="1" MOZ_CRASHREPORTER_SHUTDOWN="1" MOZ_NO_REMOTE="1" "/usr ... te" "--remote-debugging-port" "38475" "--remote-allow-hosts" "localhost" "-no-remote" "-profile" "/tmp/rust_mozprofileOXpjrf"
console.warn: services.settings: Ignoring preference override of remote settings server
console.warn: services.settings: Allow by setting MOZ_REMOTE_SETTINGS_DEVTOOLS=1 in the environment
ATTENTION: default value of option mesa_glthread overridden by environment.
1721498185097	Marionette	INFO	Marionette enabled
1721498185656	Marionette	INFO	Listening on port 34043
WebDriver BiDi listening on ws://127.0.0.1:38475
Read port: 34043
1721498185880	RemoteAgent	WARN	TLS certificate errors will be ignored for this session
console.error: ({})
console.error: (new TypeError("error loading dynamically imported module: chrome://global/content/elements/moz-button-group.mjs", ""))
JavaScript error: chrome://global/content/elements/browser-custom-element.js, line 643: TypeError: this.browsingContext is null
1721498187262	Marionette	INFO	Stopped listening on port 34043
1721498187269	CDP	WARN	Failed to remove undefined (Could not remove `undefined': could not parse path (NS_ERROR_FILE_UNRECOGNIZED_PATH))
[Parent 12007, IPC I/O Parent] WARNING: process 12112 is a zombie: file /builds/worker/checkouts/gecko/ipc/chromium/src/base/process_util_posix.cc:245
[Parent 12007, IPC I/O Parent] WARNING: process 12198 is a zombie: file /builds/worker/checkouts/gecko/ipc/chromium/src/base/process_util_posix.cc:245
console.error: (new TypeError("NetworkError: Network request failed", "resource://services-settings/Utils.sys.mjs", 236))
console.error: (new TypeError("NetworkError: Network request failed", "resource://services-settings/Utils.sys.mjs", 236))
JavaScript warning: https://www.googletagmanager.com/gtag/js?id=G-TF35YF9CVH, line 191: Script terminated by timeout at:
G@https://www.googletagmanager.com/gtag/js?id=G-TF35YF9CVH:191:158
Jz@https://www.googletagmanager.com/gtag/js?id=G-TF35YF9CVH:561:134
Kz/<@https://www.googletagmanager.com/gtag/js?id=G-TF35YF9CVH:561:111

1721498188740	Marionette	INFO	Stopped listening on port 41981
[Parent 11485, IPC I/O Parent] WARNING: process 11684 is a zombie: file /builds/worker/checkouts/gecko/ipc/chromium/src/base/process_util_posix.cc:245
[Parent 11485, IPC I/O Parent] WARNING: process 11594 is a zombie: file /builds/worker/checkouts/gecko/ipc/chromium/src/base/process_util_posix.cc:245
[Parent 11485, IPC I/O Parent] WARNING: process 11697 is a zombie: file /builds/worker/checkouts/gecko/ipc/chromium/src/base/process_util_posix.cc:245
[Parent 11485, IPC I/O Parent] WARNING: process 11686 is a zombie: file /builds/worker/checkouts/gecko/ipc/chromium/src/base/process_util_posix.cc:245
[Parent 11485, IPC I/O Parent] WARNING: process 11769 is a zombie: file /builds/worker/checkouts/gecko/ipc/chromium/src/base/process_util_posix.cc:245
1721498193969	geckodriver	INFO	Listening on 127.0.0.1:39843
1721498193975	mozrunner::runner	INFO	Running command: MOZ_CRASHREPORTER="1" MOZ_CRASHREPORTER_NO_REPORT="1" MOZ_CRASHREPORTER_SHUTDOWN="1" MOZ_NO_REMOTE="1" "/usr ... te" "--remote-debugging-port" "43119" "--remote-allow-hosts" "localhost" "-no-remote" "-profile" "/tmp/rust_mozprofilexmu57X"
console.warn: services.settings: Ignoring preference override of remote settings server
console.warn: services.settings: Allow by setting MOZ_REMOTE_SETTINGS_DEVTOOLS=1 in the environment
ATTENTION: default value of option mesa_glthread overridden by environment.
1721498194833	Marionette	INFO	Marionette enabled
1721498195030	Marionette	INFO	Listening on port 36301
Read port: 36301
WebDriver BiDi listening on ws://127.0.0.1:43119
1721498195466	RemoteAgent	WARN	TLS certificate errors will be ignored for this session
console.error: ({})
DevTools listening on ws://127.0.0.1:43119/devtools/browser/1df235fd-8075-4528-8500-524acf5f3e5e
[Parent 12259, IPC I/O Parent] WARNING: process 12393 is a zombie: file /builds/worker/checkouts/gecko/ipc/chromium/src/base/process_util_posix.cc:245
JavaScript error: https://media.ethicalads.io/media/client/v1.4.0/ethicalads.min.js, line 1: Error: No ad placements found.
JavaScript error: resource:///actors/FormValidationChild.sys.mjs, line 182: TypeError: this._element is null
JavaScript error: resource:///actors/FormValidationChild.sys.mjs, line 182: TypeError: this._element is null
JavaScript error: https://media.ethicalads.io/media/client/v1.4.0/ethicalads.min.js, line 1: Error: No ad placements found.
1721498224851	addons.xpi	ERROR	System addon update list error SyntaxError: XMLHttpRequest.open: 'http://%(server)s/dummy-system-addons.xml' is not a valid URL.
1721498257248	geckodriver	INFO	Listening on 127.0.0.1:47225
1721498257254	mozrunner::runner	INFO	Running command: MOZ_CRASHREPORTER="1" MOZ_CRASHREPORTER_NO_REPORT="1" MOZ_CRASHREPORTER_SHUTDOWN="1" MOZ_NO_REMOTE="1" "/usr ... te" "--remote-debugging-port" "45143" "--remote-allow-hosts" "localhost" "-no-remote" "-profile" "/tmp/rust_mozprofilegMCdCw"
console.warn: services.settings: Ignoring preference override of remote settings server
console.warn: services.settings: Allow by setting MOZ_REMOTE_SETTINGS_DEVTOOLS=1 in the environment
1721498258139	Marionette	INFO	Marionette enabled
ATTENTION: default value of option mesa_glthread overridden by environment.
1721498258699	Marionette	INFO	Listening on port 43493
WebDriver BiDi listening on ws://127.0.0.1:45143
Read port: 43493
1721498258931	RemoteAgent	WARN	TLS certificate errors will be ignored for this session
console.error: ({})
DevTools listening on ws://127.0.0.1:45143/devtools/browser/9028a60c-6050-4dfa-9c87-701189c10e60
JavaScript error: https://media.ethicalads.io/media/client/v1.4.0/ethicalads.min.js, line 1: Error: No ad placements found.
JavaScript error: resource:///actors/FormValidationChild.sys.mjs, line 182: TypeError: this._element is null
1721498265706	Marionette	INFO	Stopped listening on port 43493
[Parent 12594, IPC I/O Parent] WARNING: process 12701 is a zombie: file /builds/worker/checkouts/gecko/ipc/chromium/src/base/process_util_posix.cc:245
[Parent 12594, IPC I/O Parent] WARNING: process 12731 is a zombie: file /builds/worker/checkouts/gecko/ipc/chromium/src/base/process_util_posix.cc:245
[Parent 12594, IPC I/O Parent] WARNING: process 12797 is a zombie: file /builds/worker/checkouts/gecko/ipc/chromium/src/base/process_util_posix.cc:245
[Parent 12594, IPC I/O Parent] WARNING: process 12826 is a zombie: file /builds/worker/checkouts/gecko/ipc/chromium/src/base/process_util_posix.cc:245
[Parent 12594, IPC I/O Parent] WARNING: process 12803 is a zombie: file /builds/worker/checkouts/gecko/ipc/chromium/src/base/process_util_posix.cc:245
[Parent 12594, IPC I/O Parent] WARNING: process 12876 is a zombie: file /builds/worker/checkouts/gecko/ipc/chromium/src/base/process_util_posix.cc:245
1721498752179	Marionette	INFO	Stopped listening on port 36301
[Parent 12259, IPC I/O Parent] WARNING: process 12365 is a zombie: file /builds/worker/checkouts/gecko/ipc/chromium/src/base/process_util_posix.cc:245
[Parent 12259, IPC I/O Parent] WARNING: process 12457 is a zombie: file /builds/worker/checkouts/gecko/ipc/chromium/src/base/process_util_posix.cc:245
[Parent 12259, IPC I/O Parent] WARNING: process 12479 is a zombie: file /builds/worker/checkouts/gecko/ipc/chromium/src/base/process_util_posix.cc:245
[Parent 12259, IPC I/O Parent] WARNING: process 12482 is a zombie: file /builds/worker/checkouts/gecko/ipc/chromium/src/base/process_util_posix.cc:245
[Parent 12259, IPC I/O Parent] WARNING: process 12536 is a zombie: file /builds/worker/checkouts/gecko/ipc/chromium/src/base/process_util_posix.cc:245
1721540337696	geckodriver	INFO	Listening on 127.0.0.1:57391
1721540338202	mozrunner::runner	INFO	Running command: MOZ_CRASHREPORTER="1" MOZ_CRASHREPORTER_NO_REPORT="1" MOZ_CRASHREPORTER_SHUTDOWN="1" MOZ_NO_REMOTE="1" "/usr ... te" "--remote-debugging-port" "59725" "--remote-allow-hosts" "localhost" "-no-remote" "-profile" "/tmp/rust_mozprofile6xS2ds"
console.warn: services.settings: Ignoring preference override of remote settings server
console.warn: services.settings: Allow by setting MOZ_REMOTE_SETTINGS_DEVTOOLS=1 in the environment
1721540339167	Marionette	INFO	Marionette enabled
ATTENTION: default value of option mesa_glthread overridden by environment.
1721540339380	Marionette	INFO	Listening on port 33765
Read port: 33765
WebDriver BiDi listening on ws://127.0.0.1:59725
1721540339833	RemoteAgent	WARN	TLS certificate errors will be ignored for this session
console.error: ({})
DevTools listening on ws://127.0.0.1:59725/devtools/browser/ed5da633-3eac-4404-9bb5-584d1286f73e
JavaScript error: https://media.ethicalads.io/media/client/v1.4.0/ethicalads.min.js, line 1: Error: No ad placements found.
JavaScript error: resource:///actors/FormValidationChild.sys.mjs, line 182: TypeError: this._element is null
1721540347834	Marionette	INFO	Stopped listening on port 33765
[Parent 3503, IPC I/O Parent] WARNING: process 3615 is a zombie: file /builds/worker/checkouts/gecko/ipc/chromium/src/base/process_util_posix.cc:245
[Parent 3503, IPC I/O Parent] WARNING: process 3645 is a zombie: file /builds/worker/checkouts/gecko/ipc/chromium/src/base/process_util_posix.cc:245
[Parent 3503, IPC I/O Parent] WARNING: process 3709 is a zombie: file /builds/worker/checkouts/gecko/ipc/chromium/src/base/process_util_posix.cc:245
[Parent 3503, IPC I/O Parent] WARNING: process 3712 is a zombie: file /builds/worker/checkouts/gecko/ipc/chromium/src/base/process_util_posix.cc:245
[Parent 3503, IPC I/O Parent] WARNING: process 3790 is a zombie: file /builds/worker/checkouts/gecko/ipc/chromium/src/base/process_util_posix.cc:245
1721540359974	geckodriver	INFO	Listening on 127.0.0.1:48999
1721540359980	mozrunner::runner	INFO	Running command: MOZ_CRASHREPORTER="1" MOZ_CRASHREPORTER_NO_REPORT="1" MOZ_CRASHREPORTER_SHUTDOWN="1" MOZ_NO_REMOTE="1" "/usr ... te" "--remote-debugging-port" "55865" "--remote-allow-hosts" "localhost" "-no-remote" "-profile" "/tmp/rust_mozprofileUaWNtJ"
console.warn: services.settings: Ignoring preference override of remote settings server
console.warn: services.settings: Allow by setting MOZ_REMOTE_SETTINGS_DEVTOOLS=1 in the environment
1721540360798	Marionette	INFO	Marionette enabled
ATTENTION: default value of option mesa_glthread overridden by environment.
1721540360990	Marionette	INFO	Listening on port 42615
Read port: 42615
WebDriver BiDi listening on ws://127.0.0.1:55865
1721540361421	RemoteAgent	WARN	TLS certificate errors will be ignored for this session
console.error: ({})
DevTools listening on ws://127.0.0.1:55865/devtools/browser/562bab55-7ca0-4ef2-bc3d-eb6d9db1aa79
[Parent 3839, IPC I/O Parent] WARNING: process 3974 is a zombie: file /builds/worker/checkouts/gecko/ipc/chromium/src/base/process_util_posix.cc:245
1721540392227	addons.xpi	ERROR	System addon update list error SyntaxError: XMLHttpRequest.open: 'http://%(server)s/dummy-system-addons.xml' is not a valid URL.
JavaScript warning: https://www.googletagmanager.com/gtag/js?id=G-TF35YF9CVH, line 191: Script terminated by timeout at:
G@https://www.googletagmanager.com/gtag/js?id=G-TF35YF9CVH:191:158
Jz@https://www.googletagmanager.com/gtag/js?id=G-TF35YF9CVH:573:134
Kz/<@https://www.googletagmanager.com/gtag/js?id=G-TF35YF9CVH:573:111

1721540394933	Marionette	INFO	Stopped listening on port 42615
[Parent 3839, IPC I/O Parent] WARNING: process 4039 is a zombie: file /builds/worker/checkouts/gecko/ipc/chromium/src/base/process_util_posix.cc:245
[Parent 3839, IPC I/O Parent] WARNING: process 3944 is a zombie: file /builds/worker/checkouts/gecko/ipc/chromium/src/base/process_util_posix.cc:245
console.error: (new Error("IndexedDB: main/devtools-devices getLastModified() IndexedDB:  execute() The application is shutting down", "resource://services-settings/IDBHelpers.sys.mjs", 16))
[Parent 3839, IPC I/O Parent] WARNING: process 4063 is a zombie: file /builds/worker/checkouts/gecko/ipc/chromium/src/base/process_util_posix.cc:245
[Parent 3839, IPC I/O Parent] WARNING: process 4061 is a zombie: file /builds/worker/checkouts/gecko/ipc/chromium/src/base/process_util_posix.cc:245
[Parent 3839, IPC I/O Parent] WARNING: process 4116 is a zombie: file /builds/worker/checkouts/gecko/ipc/chromium/src/base/process_util_posix.cc:245
1721540397489	geckodriver	INFO	Listening on 127.0.0.1:59893
1721540397494	mozrunner::runner	INFO	Running command: MOZ_CRASHREPORTER="1" MOZ_CRASHREPORTER_NO_REPORT="1" MOZ_CRASHREPORTER_SHUTDOWN="1" MOZ_NO_REMOTE="1" "/usr ... te" "--remote-debugging-port" "59391" "--remote-allow-hosts" "localhost" "-no-remote" "-profile" "/tmp/rust_mozprofileWTb8lw"
console.warn: services.settings: Ignoring preference override of remote settings server
console.warn: services.settings: Allow by setting MOZ_REMOTE_SETTINGS_DEVTOOLS=1 in the environment
1721540398310	Marionette	INFO	Marionette enabled
ATTENTION: default value of option mesa_glthread overridden by environment.
1721540398506	Marionette	INFO	Listening on port 39345
Read port: 39345
WebDriver BiDi listening on ws://127.0.0.1:59391
1721540398928	RemoteAgent	WARN	TLS certificate errors will be ignored for this session
console.error: ({})
DevTools listening on ws://127.0.0.1:59391/devtools/browser/622c8349-97aa-4c61-b562-e54579e829bd
JavaScript error: https://media.ethicalads.io/media/client/v1.4.0/ethicalads.min.js, line 1: Error: No ad placements found.
JavaScript error: resource:///actors/FormValidationChild.sys.mjs, line 182: TypeError: this._element is null
1721540404250	Marionette	INFO	Stopped listening on port 39345
[Parent 4175, IPC I/O Parent] WARNING: process 4281 is a zombie: file /builds/worker/checkouts/gecko/ipc/chromium/src/base/process_util_posix.cc:245
[Parent 4175, IPC I/O Parent] WARNING: process 4309 is a zombie: file /builds/worker/checkouts/gecko/ipc/chromium/src/base/process_util_posix.cc:245
[Parent 4175, IPC I/O Parent] WARNING: process 4372 is a zombie: file /builds/worker/checkouts/gecko/ipc/chromium/src/base/process_util_posix.cc:245
[Parent 4175, IPC I/O Parent] WARNING: process 4374 is a zombie: file /builds/worker/checkouts/gecko/ipc/chromium/src/base/process_util_posix.cc:245
[Parent 4175, IPC I/O Parent] WARNING: process 4453 is a zombie: file /builds/worker/checkouts/gecko/ipc/chromium/src/base/process_util_posix.cc:245
[Parent 4175, IPC I/O Parent] WARNING: process 4385 is a zombie: file /builds/worker/checkouts/gecko/ipc/chromium/src/base/process_util_posix.cc:245
1721545352636	geckodriver	INFO	Listening on 127.0.0.1:57077
1721545353140	mozrunner::runner	INFO	Running command: MOZ_CRASHREPORTER="1" MOZ_CRASHREPORTER_NO_REPORT="1" MOZ_CRASHREPORTER_SHUTDOWN="1" MOZ_NO_REMOTE="1" "/usr ... te" "--remote-debugging-port" "35493" "--remote-allow-hosts" "localhost" "-no-remote" "-profile" "/tmp/rust_mozprofileaDBaJO"
console.warn: services.settings: Ignoring preference override of remote settings server
console.warn: services.settings: Allow by setting MOZ_REMOTE_SETTINGS_DEVTOOLS=1 in the environment
ATTENTION: default value of option mesa_glthread overridden by environment.
1721545354140	Marionette	INFO	Marionette enabled
1721545354350	Marionette	INFO	Listening on port 46659
Read port: 46659
WebDriver BiDi listening on ws://127.0.0.1:35493
1721545354788	RemoteAgent	WARN	TLS certificate errors will be ignored for this session
console.error: ({})
DevTools listening on ws://127.0.0.1:35493/devtools/browser/b2ea8d0f-1c58-46ef-bd89-e67a192bc359
[Parent 3367, IPC I/O Parent] WARNING: process 3507 is a zombie: file /builds/worker/checkouts/gecko/ipc/chromium/src/base/process_util_posix.cc:245
JavaScript warning: https://www.chess.com/bundles/app/js/sentry.client.648e8f0e.js, line 14: Script terminated by timeout at:
sentryWrapped@https://www.chess.com/bundles/app/js/sentry.client.648e8f0e.js:14:69710

1721545376313	Marionette	INFO	Stopped listening on port 46659
[Parent 3367, IPC I/O Parent] WARNING: process 3574 is a zombie: file /builds/worker/checkouts/gecko/ipc/chromium/src/base/process_util_posix.cc:245
[Parent 3367, IPC I/O Parent] WARNING: process 3476 is a zombie: file /builds/worker/checkouts/gecko/ipc/chromium/src/base/process_util_posix.cc:245
[Parent 3367, IPC I/O Parent] WARNING: process 3579 is a zombie: file /builds/worker/checkouts/gecko/ipc/chromium/src/base/process_util_posix.cc:245
[Parent 3367, IPC I/O Parent] WARNING: process 3584 is a zombie: file /builds/worker/checkouts/gecko/ipc/chromium/src/base/process_util_posix.cc:245
[Parent 3367, IPC I/O Parent] WARNING: process 3647 is a zombie: file /builds/worker/checkouts/gecko/ipc/chromium/src/base/process_util_posix.cc:245
1721547508408	geckodriver	INFO	Listening on 127.0.0.1:60021
1721547508914	mozrunner::runner	INFO	Running command: MOZ_CRASHREPORTER="1" MOZ_CRASHREPORTER_NO_REPORT="1" MOZ_CRASHREPORTER_SHUTDOWN="1" MOZ_NO_REMOTE="1" "/usr ... te" "--remote-debugging-port" "47981" "--remote-allow-hosts" "localhost" "-no-remote" "-profile" "/tmp/rust_mozprofile5UJ51V"
console.warn: services.settings: Ignoring preference override of remote settings server
console.warn: services.settings: Allow by setting MOZ_REMOTE_SETTINGS_DEVTOOLS=1 in the environment
ATTENTION: default value of option mesa_glthread overridden by environment.
1721547509794	Marionette	INFO	Marionette enabled
1721547509973	Marionette	INFO	Listening on port 38643
Read port: 38643
WebDriver BiDi listening on ws://127.0.0.1:47981
1721547510404	RemoteAgent	WARN	TLS certificate errors will be ignored for this session
console.error: ({})
DevTools listening on ws://127.0.0.1:47981/devtools/browser/b57747d6-ad28-48f4-8b98-5a5d1356989c
console.error: (new TypeError("NetworkError: Network request failed", "resource://services-settings/Utils.sys.mjs", 236))
[Parent 4625, IPC I/O Parent] WARNING: process 4765 is a zombie: file /builds/worker/checkouts/gecko/ipc/chromium/src/base/process_util_posix.cc:245
1721547539819	addons.xpi	ERROR	System addon update list error SyntaxError: XMLHttpRequest.open: 'http://%(server)s/dummy-system-addons.xml' is not a valid URL.
console.error: (new Error("Polling for changes failed: NetworkError: Network request failed.", "resource://services-settings/remote-settings.sys.mjs", 324))
JavaScript error: , line 0: uncaught exception: Object
console.error: "Unable to find target with innerWindowId:6442450948"
console.error: "Unable to find target with innerWindowId:6442450948"
console.error: "Unable to find target with innerWindowId:6442450948"
console.warn: "Listener for event 'frame' did not return a promise."
console.warn: "Listener for event 'frame' did not return a promise."
console.warn: "Listener for event 'frame' did not return a promise."
console.warn: "Listener for event 'frame' did not return a promise."
console.error: "Unable to find target with innerWindowId:6442450948"
console.error: "Unable to find target with innerWindowId:6442450948"
console.error: "Unable to find target with innerWindowId:6442450948"
console.error: "Unable to find target with innerWindowId:6442450948"
console.error: "Unable to find target with innerWindowId:6442450948"
console.error: "Unable to find target with innerWindowId:6442450948"
console.error: "Unable to find target with innerWindowId:6442450948"
console.warn: "Listener for event 'frame' did not return a promise."
console.warn: "Listener for event 'frame' did not return a promise."
console.warn: "Listener for event 'frame' did not return a promise."
console.warn: "Listener for event 'frame' did not return a promise."
console.warn: "Listener for event 'frame' did not return a promise."
console.warn: "Listener for event 'frame' did not return a promise."
console.warn: "Listener for event 'frame' did not return a promise."
console.warn: "Listener for event 'frame' did not return a promise."
console.warn: "Listener for event 'frame' did not return a promise."
console.warn: "Listener for event 'frame' did not return a promise."
console.warn: "Error while destroying front:" "inspector" (new Error("Connection closed, pending request to server0.conn0.process13//inspectorActor4, type getWalker failed\n\nRequest stack:\nrequest@resource://devtools/shared/protocol/Front.js:299:14\ngenerateRequestMethods/</frontProto[name]@resource://devtools/shared/protocol/Front/FrontClassWithSpec.js:47:19\n_getWalker@resource://devtools/client/fronts/inspector.js:84:30\ninitialize@resource://devtools/client/fronts/inspector.js:73:12\n", "resource://devtools/shared/protocol/Front.js", 105))
console.error: "Failed to start [root-node] legacy listener for target null" (new Error("Connection closed, pending request to server0.conn0.process13//inspectorActor4, type getWalker failed\n\nRequest stack:\nrequest@resource://devtools/shared/protocol/Front.js:299:14\ngenerateRequestMethods/</frontProto[name]@resource://devtools/shared/protocol/Front/FrontClassWithSpec.js:47:19\n_getWalker@resource://devtools/client/fronts/inspector.js:84:30\ninitialize@resource://devtools/client/fronts/inspector.js:73:12\n", "resource://devtools/shared/protocol/Front.js", 105))
console.warn: "Listener for event 'frame' did not return a promise."
JavaScript error: resource://devtools/shared/protocol/Front.js, line 105: Error: Connection closed, pending request to server0.conn0.process13//inspectorActor4, type getWalker failed

Request stack:
request@resource://devtools/shared/protocol/Front.js:299:14
generateRequestMethods/</frontProto[name]@resource://devtools/shared/protocol/Front/FrontClassWithSpec.js:47:19
_getWalker@resource://devtools/client/fronts/inspector.js:84:30
initialize@resource://devtools/client/fronts/inspector.js:73:12

console.warn: "Listener for event 'frame' did not return a promise."
console.warn: "Listener for event 'frame' did not return a promise."
console.warn: "Listener for event 'frame' did not return a promise."
console.warn: "Listener for event 'frame' did not return a promise."
console.warn: "Listener for event 'frame' did not return a promise."
console.warn: "Listener for event 'frame' did not return a promise."
console.warn: "Listener for event 'frame' did not return a promise."
console.warn: "Listener for event 'frame' did not return a promise."
console.warn: "Listener for event 'frame' did not return a promise."
console.warn: "Listener for event 'frame' did not return a promise."
console.warn: "Listener for event 'frame' did not return a promise."
console.warn: "Listener for event 'frame' did not return a promise."
console.warn: "Listener for event 'frame' did not return a promise."
console.warn: "Listener for event 'frame' did not return a promise."
console.warn: "Listener for event 'frame' did not return a promise."
console.warn: "Listener for event 'frame' did not return a promise."
console.warn: "Listener for event 'frame' did not return a promise."
console.warn: "Listener for event 'frame' did not return a promise."
console.warn: "Error while destroying front:" "inspector" (new Error("Connection closed, pending request to server0.conn0.process9//inspectorActor33, type getWalker failed\n\nRequest stack:\nrequest@resource://devtools/shared/protocol/Front.js:299:14\ngenerateRequestMethods/</frontProto[name]@resource://devtools/shared/protocol/Front/FrontClassWithSpec.js:47:19\n_getWalker@resource://devtools/client/fronts/inspector.js:84:30\ninitialize@resource://devtools/client/fronts/inspector.js:73:12\n", "resource://devtools/shared/protocol/Front.js", 105))
console.error: "Failed to start [root-node] legacy listener for target null" (new Error("Connection closed, pending request to server0.conn0.process9//inspectorActor33, type getWalker failed\n\nRequest stack:\nrequest@resource://devtools/shared/protocol/Front.js:299:14\ngenerateRequestMethods/</frontProto[name]@resource://devtools/shared/protocol/Front/FrontClassWithSpec.js:47:19\n_getWalker@resource://devtools/client/fronts/inspector.js:84:30\ninitialize@resource://devtools/client/fronts/inspector.js:73:12\n", "resource://devtools/shared/protocol/Front.js", 105))
console.warn: "Listener for event 'frame' did not return a promise."
JavaScript error: resource://devtools/shared/protocol/Front.js, line 105: Error: Connection closed, pending request to server0.conn0.process9//inspectorActor33, type getWalker failed

Request stack:
request@resource://devtools/shared/protocol/Front.js:299:14
generateRequestMethods/</frontProto[name]@resource://devtools/shared/protocol/Front/FrontClassWithSpec.js:47:19
_getWalker@resource://devtools/client/fronts/inspector.js:84:30
initialize@resource://devtools/client/fronts/inspector.js:73:12

console.warn: "Listener for event 'frame' did not return a promise."
console.warn: "Listener for event 'frame' did not return a promise."
JavaScript error: , line 0: NotFoundError: No such JSProcessActor 'DevToolsProcess'
JavaScript error: , line 0: NotFoundError: No such JSProcessActor 'DevToolsProcess'
JavaScript error: , line 0: NotFoundError: No such JSProcessActor 'DevToolsProcess'
JavaScript error: , line 0: NotFoundError: No such JSProcessActor 'DevToolsProcess'
JavaScript error: , line 0: NotFoundError: No such JSProcessActor 'DevToolsProcess'
JavaScript error: , line 0: NotFoundError: No such JSProcessActor 'DevToolsProcess'
JavaScript error: , line 0: NotFoundError: No such JSProcessActor 'DevToolsProcess'
JavaScript error: , line 0: NotFoundError: No such JSProcessActor 'DevToolsProcess'
JavaScript error: , line 0: NotFoundError: No such JSProcessActor 'DevToolsProcess'
JavaScript error: , line 0: NotFoundError: No such JSProcessActor 'DevToolsProcess'
JavaScript error: , line 0: NotFoundError: No such JSProcessActor 'DevToolsProcess'
JavaScript error: , line 0: NotFoundError: No such JSProcessActor 'DevToolsProcess'
JavaScript error: , line 0: NotFoundError: No such JSProcessActor 'DevToolsProcess'
JavaScript error: , line 0: NotFoundError: No such JSProcessActor 'DevToolsProcess'
JavaScript error: , line 0: NotFoundError: No such JSProcessActor 'DevToolsProcess'
JavaScript error: , line 0: NotFoundError: No such JSProcessActor 'DevToolsProcess'
JavaScript error: , line 0: NotFoundError: No such JSProcessActor 'DevToolsProcess'
JavaScript error: , line 0: NotFoundError: No such JSProcessActor 'DevToolsProcess'
JavaScript error: , line 0: NotFoundError: No such JSProcessActor 'DevToolsProcess'
JavaScript error: , line 0: NotFoundError: No such JSProcessActor 'DevToolsProcess'
JavaScript error: , line 0: NotFoundError: No such JSProcessActor 'DevToolsProcess'
JavaScript error: , line 0: NotFoundError: No such JSProcessActor 'DevToolsProcess'
JavaScript error: , line 0: NotFoundError: No such JSProcessActor 'DevToolsProcess'
JavaScript error: , line 0: NotFoundError: No such JSProcessActor 'DevToolsProcess'
JavaScript error: , line 0: NotFoundError: No such JSProcessActor 'DevToolsProcess'
JavaScript error: , line 0: NotFoundError: No such JSProcessActor 'DevToolsProcess'
JavaScript error: , line 0: NotFoundError: No such JSProcessActor 'DevToolsProcess'
JavaScript error: , line 0: NotFoundError: No such JSProcessActor 'DevToolsProcess'
JavaScript error: , line 0: NotFoundError: No such JSProcessActor 'DevToolsProcess'
JavaScript error: , line 0: NotFoundError: No such JSProcessActor 'DevToolsProcess'
JavaScript error: , line 0: NotFoundError: No such JSProcessActor 'DevToolsProcess'
JavaScript error: , line 0: NotFoundError: No such JSProcessActor 'DevToolsProcess'
JavaScript error: , line 0: NotFoundError: No such JSProcessActor 'DevToolsProcess'
JavaScript error: , line 0: NotFoundError: No such JSProcessActor 'DevToolsProcess'
JavaScript error: , line 0: NotFoundError: No such JSProcessActor 'DevToolsProcess'
JavaScript error: , line 0: NotFoundError: No such JSProcessActor 'DevToolsProcess'
JavaScript error: , line 0: NotFoundError: No such JSProcessActor 'DevToolsProcess'
JavaScript error: , line 0: NotFoundError: No such JSProcessActor 'DevToolsProcess'
JavaScript error: , line 0: NotFoundError: No such JSProcessActor 'DevToolsProcess'
JavaScript error: , line 0: NotFoundError: No such JSProcessActor 'DevToolsProcess'
JavaScript error: , line 0: NotFoundError: No such JSProcessActor 'DevToolsProcess'
JavaScript error: , line 0: NotFoundError: No such JSProcessActor 'DevToolsProcess'
JavaScript error: , line 0: NotFoundError: No such JSProcessActor 'DevToolsProcess'
JavaScript error: , line 0: NotFoundError: No such JSProcessActor 'DevToolsProcess'
JavaScript error: , line 0: NotFoundError: No such JSProcessActor 'DevToolsProcess'
JavaScript error: , line 0: NotFoundError: No such JSProcessActor 'DevToolsProcess'
JavaScript error: , line 0: NotFoundError: No such JSProcessActor 'DevToolsProcess'
JavaScript error: , line 0: NotFoundError: No such JSProcessActor 'DevToolsProcess'
JavaScript error: , line 0: NotFoundError: No such JSProcessActor 'DevToolsProcess'
JavaScript error: , line 0: NotFoundError: No such JSProcessActor 'DevToolsProcess'
JavaScript error: , line 0: NotFoundError: No such JSProcessActor 'DevToolsProcess'
JavaScript error: , line 0: NotFoundError: No such JSProcessActor 'DevToolsProcess'
JavaScript error: , line 0: NotFoundError: No such JSProcessActor 'DevToolsProcess'
JavaScript error: , line 0: NotFoundError: No such JSProcessActor 'DevToolsProcess'
JavaScript error: , line 0: NotFoundError: No such JSProcessActor 'DevToolsProcess'
JavaScript error: , line 0: NotFoundError: No such JSProcessActor 'DevToolsProcess'
JavaScript error: , line 0: NotFoundError: No such JSProcessActor 'DevToolsProcess'
JavaScript error: , line 0: NotFoundError: No such JSProcessActor 'DevToolsProcess'
JavaScript error: , line 0: NotFoundError: No such JSProcessActor 'DevToolsProcess'
JavaScript error: , line 0: NotFoundError: No such JSProcessActor 'DevToolsProcess'
JavaScript error: , line 0: NotFoundError: No such JSProcessActor 'DevToolsProcess'
JavaScript error: , line 0: NotFoundError: No such JSProcessActor 'DevToolsProcess'
JavaScript error: , line 0: NotFoundError: No such JSProcessActor 'DevToolsProcess'
JavaScript error: , line 0: NotFoundError: No such JSProcessActor 'DevToolsProcess'
JavaScript error: , line 0: NotFoundError: No such JSProcessActor 'DevToolsProcess'
JavaScript error: , line 0: NotFoundError: No such JSProcessActor 'DevToolsProcess'
JavaScript error: , line 0: NotFoundError: No such JSProcessActor 'DevToolsProcess'
JavaScript error: , line 0: NotFoundError: No such JSProcessActor 'DevToolsProcess'
JavaScript error: , line 0: NotFoundError: No such JSProcessActor 'DevToolsProcess'
JavaScript error: , line 0: NotFoundError: No such JSProcessActor 'DevToolsProcess'
JavaScript error: , line 0: NotFoundError: No such JSProcessActor 'DevToolsProcess'
JavaScript warning: https://www.googletagmanager.com/gtag/js?id=G-Q0CBHRQJH8&l=dataLayer&cx=c, line 627: Script terminated by timeout at:
h.rh@https://www.googletagmanager.com/gtag/js?id=G-Q0CBHRQJH8&l=dataLayer&cx=c:627:487
get@https://www.googletagmanager.com/gtag/js?id=G-Q0CBHRQJH8&l=dataLayer&cx=c:626:119
stop@https://www.googletagmanager.com/gtag/js?id=G-Q0CBHRQJH8&l=dataLayer&cx=c:626:87
h.Jk/c/<@https://www.googletagmanager.com/gtag/js?id=G-Q0CBHRQJH8&l=dataLayer&cx=c:626:410
EventListener.handleEvent*Hc@https://www.googletagmanager.com/gtag/js?id=G-Q0CBHRQJH8&l=dataLayer&cx=c:218:186
c@https://www.googletagmanager.com/gtag/js?id=G-Q0CBHRQJH8&l=dataLayer&cx=c:626:389
h.Jk@https://www.googletagmanager.com/gtag/js?id=G-Q0CBHRQJH8&l=dataLayer&cx=c:627:80
h.Kk@https://www.googletagmanager.com/gtag/js?id=G-Q0CBHRQJH8&l=dataLayer&cx=c:672:273
h.Am@https://www.googletagmanager.com/gtag/js?id=G-Q0CBHRQJH8&l=dataLayer&cx=c:669:431
h.zm/</<@https://www.googletagmanager.com/gtag/js?id=G-Q0CBHRQJH8&l=dataLayer&cx=c:668:104
Uk@https://www.googletagmanager.com/gtag/js?id=G-Q0CBHRQJH8&l=dataLayer&cx=c:369:18
fl@https://www.googletagmanager.com/gtag/js?id=G-Q0CBHRQJH8&l=dataLayer&cx=c:372:432
h.zm/<@https://www.googletagmanager.com/gtag/js?id=G-Q0CBHRQJH8&l=dataLayer&cx=c:668:90
c@https://www.googletagmanager.com/gtag/js?id=G-Q0CBHRQJH8&l=dataLayer&cx=c:497:169
Bt@https://www.googletagmanager.com/gtag/js?id=G-Q0CBHRQJH8&l=dataLayer&cx=c:498:269
h.zm@https://www.googletagmanager.com/gtag/js?id=G-Q0CBHRQJH8&l=dataLayer&cx=c:668:76
c@https://www.googletagmanager.com/gtag/js?id=G-Q0CBHRQJH8&l=dataLayer&cx=c:682:675
wm@https://www.googletagmanager.com/gtag/js?id=G-Q0CBHRQJH8&l=dataLayer&cx=c:386:1
vm.prototype.flush@https://www.googletagmanager.com/gtag/js?id=G-Q0CBHRQJH8&l=dataLayer&cx=c:388:107
vm.prototype.push@https://www.googletagmanager.com/gtag/js?id=G-Q0CBHRQJH8&l=dataLayer&cx=c:386:395
config@https://www.googletagmanager.com/gtag/js?id=G-Q0CBHRQJH8&l=dataLayer&cx=c:544:233
jy@https://www.googletagmanager.com/gtag/js?id=G-Q0CBHRQJH8&l=dataLayer&cx=c:555:477
ly@https://www.googletagmanager.com/gtag/js?id=G-Q0CBHRQJH8&l=dataLayer&cx=c:557:43
@https://www.googletagmanager.com/gtag/js?id=G-Q0CBHRQJH8&l=dataLayer&cx=c:768:123
c@https://www.googletagmanager.com/gtag/js?id=G-Q0CBHRQJH8&l=dataLayer&cx=c:758:130
@https://www.googletagmanager.com/gtag/js?id=G-Q0CBHRQJH8&l=dataLayer&cx=c:760:382
@https://www.googletagmanager.com/gtag/js?id=G-Q0CBHRQJH8&l=dataLayer&cx=c:760:387
@https://www.googletagmanager.com/gtag/js?id=G-Q0CBHRQJH8&l=dataLayer&cx=c:771:3

1721547758933	Marionette	INFO	Stopped listening on port 38643
[Parent 4625, IPC I/O Parent] WARNING: process 5376 is a zombie: file /builds/worker/checkouts/gecko/ipc/chromium/src/base/process_util_posix.cc:245
[Parent 4625, IPC I/O Parent] WARNING: process 5299 is a zombie: file /builds/worker/checkouts/gecko/ipc/chromium/src/base/process_util_posix.cc:245
[Parent 4625, IPC I/O Parent] WARNING: process 5470 is a zombie: file /builds/worker/checkouts/gecko/ipc/chromium/src/base/process_util_posix.cc:245
[Parent 4625, IPC I/O Parent] WARNING: process 4913 is a zombie: file /builds/worker/checkouts/gecko/ipc/chromium/src/base/process_util_posix.cc:245
[Parent 4625, IPC I/O Parent] WARNING: process 5429 is a zombie: file /builds/worker/checkouts/gecko/ipc/chromium/src/base/process_util_posix.cc:245
[Parent 4625, IPC I/O Parent] WARNING: process 5502 is a zombie: file /builds/worker/checkouts/gecko/ipc/chromium/src/base/process_util_posix.cc:245
[Parent 4625, IPC I/O Parent] WARNING: process 5507 is a zombie: file /builds/worker/checkouts/gecko/ipc/chromium/src/base/process_util_posix.cc:245
[Parent 4625, IPC I/O Parent] WARNING: process 5573 is a zombie: file /builds/worker/checkouts/gecko/ipc/chromium/src/base/process_util_posix.cc:245
